<?xml version="1.0" encoding="UTF-8"?>
<!-- Generated by org.testng.reporters.JUnitReportReporter -->
<testsuite name="src.main.test.Board_test" tests="7" time="0.093" ignored="0" failures="0" timestamp="26 Jun 2018 07:27:39 GMT" skipped="0" hostname="ASDW0041" errors="0">
  <testcase name="roll_dice_test_for_negative_result" time="0.000" classname="src.main.test.Board_test"/>
  <testcase name="sucessfull_registration" time="0.062" classname="src.main.test.Board_test"/>
  <testcase name="check_maximum_player_test" time="0.015" classname="src.main.test.Board_test"/>
  <testcase name="roll_dice_test_for_positive_result" time="0.000" classname="src.main.test.Board_test"/>
  <testcase name="testingdatatypeforuuid" time="0.016" classname="src.main.test.Board_test"/>
  <testcase name="unique_name_registration_test" time="0.000" classname="src.main.test.Board_test"/>
  <testcase name="do_deletion_after_removal_must_throw_exception" time="0.000" classname="src.main.test.Board_test"/>
</testsuite> <!-- src.main.test.Board_test -->
